#
# There is insufficient memory for the Java Runtime Environment to continue.
# Native memory allocation (malloc) failed to allocate 4096 bytes for AllocateHeap
# Possible reasons:
#   The system is out of physical RAM or swap space
#   In 32 bit mode, the process size limit was hit
# Possible solutions:
#   Reduce memory load on the system
#   Increase physical memory or swap space
#   Check if swap backing store is full
#   Use 64 bit Java on a 64 bit OS
#   Decrease Java heap size (-Xmx/-Xms)
#   Decrease number of Java threads
#   Decrease Java thread stack sizes (-Xss)
#   Set larger code cache with -XX:ReservedCodeCacheSize=
# This output file may be truncated or incomplete.
#
#  Out of Memory Error (memory/allocation.inline.hpp:60), pid=4992, tid=2460
#
# JRE version: 7.0_25-b17
# Java VM: Java HotSpot(TM) Client VM (23.25-b01 mixed mode windows-x86 )
# Failed to write core dump. Minidumps are not enabled by default on client versions of Windows
#

---------------  T H R E A D  ---------------

Current thread (0x003c9000):  JavaThread "main" [_thread_in_vm, id=2460, stack(0x00910000,0x00960000)]

Stack: [0x00910000,0x00960000],  sp=0x0095f3a8,  free space=316k
Native frames: (J=compiled Java code, j=interpreted, Vv=VM code, C=native code)
V  [jvm.dll+0x167e31]
V  [jvm.dll+0x162255]
V  [jvm.dll+0x163219]
V  [jvm.dll+0x16327c]
V  [jvm.dll+0x275f8]
V  [jvm.dll+0x276d5]
V  [jvm.dll+0x27802]
V  [jvm.dll+0xcc76f]
J  java.lang.String.intern()Ljava/lang/String;
J  com.android.dx.cf.cst.ConstantPoolParser.parseUtf8(I)Lcom/android/dx/rop/cst/CstString;
j  com.android.dx.cf.cst.ConstantPoolParser.getPool()Lcom/android/dx/rop/cst/StdConstantPool;+1
j  com.android.dx.cf.direct.DirectClassFile.parse0()V+283
j  com.android.dx.cf.direct.DirectClassFile.parse()V+1
J  com.android.dx.cf.direct.DirectClassFile.parseToInterfacesIfNecessary()V
j  com.android.dx.command.dexer.Main.processClass(Ljava/lang/String;[B)Z+40
j  com.android.dx.command.dexer.Main.processFileBytes(Ljava/lang/String;J[B)Z+188
j  com.android.dx.command.dexer.Main.access$300(Ljava/lang/String;J[B)Z+3
j  com.android.dx.command.dexer.Main$1.processFileBytes(Ljava/lang/String;J[B)Z+4
j  com.android.dx.cf.direct.ClassPathOpener.processArchive(Ljava/io/File;)Z+196
j  com.android.dx.cf.direct.ClassPathOpener.processOne(Ljava/io/File;Z)Z+48
j  com.android.dx.cf.direct.ClassPathOpener.process()Z+15
j  com.android.dx.command.dexer.Main.processOne(Ljava/lang/String;Lcom/android/dx/cf/direct/ClassPathOpener$FileNameFilter;)V+58
j  com.android.dx.command.dexer.Main.processAllFiles()Z+202
j  com.android.dx.command.dexer.Main.runMonoDex()I+58
j  com.android.dx.command.dexer.Main.run(Lcom/android/dx/command/dexer/Main$Arguments;)I+76
j  com.android.dx.command.dexer.Main.main([Ljava/lang/String;)V+14
j  com.android.dx.command.Main.main([Ljava/lang/String;)V+61
v  ~StubRoutines::call_stub
V  [jvm.dll+0x124afa]
V  [jvm.dll+0x1d224e]
V  [jvm.dll+0x124b7d]
V  [jvm.dll+0xab0cf]
V  [jvm.dll+0xb5397]
C  [java.exe+0x205f]
C  [java.exe+0xa5a1]
C  [java.exe+0xa62b]
C  [kernel32.dll+0xb729]  GetModuleFileNameA+0x1ba

Java frames: (J=compiled Java code, j=interpreted, Vv=VM code)
J  java.lang.String.intern()Ljava/lang/String;
J  com.android.dx.cf.cst.ConstantPoolParser.parseUtf8(I)Lcom/android/dx/rop/cst/CstString;
J  com.android.dx.cf.cst.ConstantPoolParser.parse0(ILjava/util/BitSet;)Lcom/android/dx/rop/cst/Constant;
J  com.android.dx.cf.cst.ConstantPoolParser.parse()V
j  com.android.dx.cf.cst.ConstantPoolParser.parseIfNecessary()V+8
j  com.android.dx.cf.cst.ConstantPoolParser.getPool()Lcom/android/dx/rop/cst/StdConstantPool;+1
j  com.android.dx.cf.direct.DirectClassFile.parse0()V+283
j  com.android.dx.cf.direct.DirectClassFile.parse()V+1
J  com.android.dx.cf.direct.DirectClassFile.parseToInterfacesIfNecessary()V
j  com.android.dx.cf.direct.DirectClassFile.getMagic()I+1
j  com.android.dx.command.dexer.Main.processClass(Ljava/lang/String;[B)Z+40
j  com.android.dx.command.dexer.Main.processFileBytes(Ljava/lang/String;J[B)Z+188
j  com.android.dx.command.dexer.Main.access$300(Ljava/lang/String;J[B)Z+3
j  com.android.dx.command.dexer.Main$1.processFileBytes(Ljava/lang/String;J[B)Z+4
j  com.android.dx.cf.direct.ClassPathOpener.processArchive(Ljava/io/File;)Z+196
j  com.android.dx.cf.direct.ClassPathOpener.processOne(Ljava/io/File;Z)Z+48
j  com.android.dx.cf.direct.ClassPathOpener.process()Z+15
j  com.android.dx.command.dexer.Main.processOne(Ljava/lang/String;Lcom/android/dx/cf/direct/ClassPathOpener$FileNameFilter;)V+58
j  com.android.dx.command.dexer.Main.processAllFiles()Z+202
j  com.android.dx.command.dexer.Main.runMonoDex()I+58
j  com.android.dx.command.dexer.Main.run(Lcom/android/dx/command/dexer/Main$Arguments;)I+76
j  com.android.dx.command.dexer.Main.main([Ljava/lang/String;)V+14
j  com.android.dx.command.Main.main([Ljava/lang/String;)V+61
v  ~StubRoutines::call_stub

---------------  P R O C E S S  ---------------

Java Threads: ( => current thread )
  0x03164800 JavaThread "Service Thread" daemon [_thread_blocked, id=5400, stack(0x010b0000,0x01100000)]
  0x03156800 JavaThread "C1 CompilerThread0" daemon [_thread_blocked, id=1332, stack(0x01060000,0x010b0000)]
  0x03154c00 JavaThread "Attach Listener" daemon [_thread_blocked, id=4940, stack(0x01010000,0x01060000)]
  0x03153800 JavaThread "Signal Dispatcher" daemon [_thread_blocked, id=5772, stack(0x00fc0000,0x01010000)]
  0x00af7800 JavaThread "Finalizer" daemon [_thread_blocked, id=5940, stack(0x00f70000,0x00fc0000)]
  0x00af2800 JavaThread "Reference Handler" daemon [_thread_blocked, id=188, stack(0x00f20000,0x00f70000)]
=>0x003c9000 JavaThread "main" [_thread_in_vm, id=2460, stack(0x00910000,0x00960000)]

Other Threads:
  0x00aecc00 VMThread [stack: 0x00ed0000,0x00f20000] [id=5004]
  0x03178400 WatcherThread [stack: 0x03330000,0x03380000] [id=1940]

VM state:not at safepoint (normal execution)

VM Mutex/Monitor currently owned by a thread:  ([mutex/lock_event])
[0x003c7890] StringTable_lock - owner thread: 0x003c9000

Heap
 def new generation   total 8448K, used 2460K [0x10090000, 0x109b0000, 0x255e0000)
  eden space 7552K,  20% used [0x10090000, 0x102171b8, 0x107f0000)
  from space 896K,  99% used [0x108d0000, 0x109afff8, 0x109b0000)
  to   space 896K,   0% used [0x107f0000, 0x107f0000, 0x108d0000)
 tenured generation   total 18668K, used 15864K [0x255e0000, 0x2681b000, 0x50090000)
   the space 18668K,  84% used [0x255e0000, 0x2655e0f0, 0x2655e200, 0x2681b000)
 compacting perm gen  total 12288K, used 3504K [0x50090000, 0x50c90000, 0x54090000)
   the space 12288K,  28% used [0x50090000, 0x503fc190, 0x503fc200, 0x50c90000)
No shared spaces configured.

Card table byte_map: [0x00b10000,0x00d40000] byte_map_base: 0x00a8fb80

Polling page: 0x00960000

Code Cache  [0x01130000, 0x01340000, 0x03130000)
 total_blobs=957 nmethods=810 adapters=79 free_code_cache=30659Kb largest_free_block=31394944

Compilation events (10 events):
Event: 1.303 Thread 0x03156800  808             com.android.dx.rop.code.SourcePosition::equals (46 bytes)
Event: 1.303 Thread 0x03156800 nmethod 808 0x0133e548 code [0x0133e650, 0x0133e78c]
Event: 1.337 Thread 0x03156800  809             com.android.dx.rop.code.Rops::opConst (85 bytes)
Event: 1.337 Thread 0x03156800 nmethod 809 0x0133e848 code [0x0133e9c0, 0x0133ed14]
Event: 1.338 Thread 0x03156800  810             com.android.dx.ssa.BasicRegisterMapper::getNewRegisterCount (5 bytes)
Event: 1.339 Thread 0x03156800 nmethod 810 0x0133ef88 code [0x0133f080, 0x0133f100]
Event: 1.354 Thread 0x03156800  811             com.android.dx.cf.attrib.AttLineNumberTable::byteLength (13 bytes)
Event: 1.354 Thread 0x03156800 nmethod 811 0x0133f148 code [0x0133f240, 0x0133f2d0]
Event: 1.356 Thread 0x03156800  812             com.android.dx.ssa.SsaBasicBlock::addMoveToEnd (172 bytes)
Event: 1.357 Thread 0x03156800 


GC Heap History (10 events):
Event: 1.339 GC heap before
{Heap before GC invocations=16 (full 1):
 def new generation   total 8448K, used 7552K [0x10090000, 0x109b0000, 0x255e0000)
  eden space 7552K, 100% used [0x10090000, 0x107f0000, 0x107f0000)
  from space 896K,   0% used [0x107f0000, 0x107f0000, 0x108d0000)
  to   space 896K,   0% used [0x108d0000, 0x108d0000, 0x109b0000)
 tenured generation   total 18668K, used 11199K [0x255e0000, 0x2681b000, 0x50090000)
   the space 18668K,  59% used [0x255e0000, 0x260cffe0, 0x260d0000, 0x2681b000)
 compacting perm gen  total 12288K, used 3504K [0x50090000, 0x50c90000, 0x54090000)
   the space 12288K,  28% used [0x50090000, 0x503fc190, 0x503fc200, 0x50c90000)
No shared spaces configured.
Event: 1.348 GC heap after
Heap after GC invocations=17 (full 1):
 def new generation   total 8448K, used 896K [0x10090000, 0x109b0000, 0x255e0000)
  eden space 7552K,   0% used [0x10090000, 0x10090000, 0x107f0000)
  from space 896K, 100% used [0x108d0000, 0x109b0000, 0x109b0000)
  to   space 896K,   0% used [0x107f0000, 0x107f0000, 0x108d0000)
 tenured generation   total 18668K, used 11456K [0x255e0000, 0x2681b000, 0x50090000)
   the space 18668K,  61% used [0x255e0000, 0x26110208, 0x26110400, 0x2681b000)
 compacting perm gen  total 12288K, used 3504K [0x50090000, 0x50c90000, 0x54090000)
   the space 12288K,  28% used [0x50090000, 0x503fc190, 0x503fc200, 0x50c90000)
No shared spaces configured.
}
Event: 1.442 GC heap before
{Heap before GC invocations=17 (full 1):
 def new generation   total 8448K, used 8448K [0x10090000, 0x109b0000, 0x255e0000)
  eden space 7552K, 100% used [0x10090000, 0x107f0000, 0x107f0000)
  from space 896K, 100% used [0x108d0000, 0x109b0000, 0x109b0000)
  to   space 896K,   0% used [0x107f0000, 0x107f0000, 0x108d0000)
 tenured generation   total 18668K, used 11456K [0x255e0000, 0x2681b000, 0x50090000)
   the space 18668K,  61% used [0x255e0000, 0x26110208, 0x26110400, 0x2681b000)
 compacting perm gen  total 12288K, used 3504K [0x50090000, 0x50c90000, 0x54090000)
   the space 12288K,  28% used [0x50090000, 0x503fc190, 0x503fc200, 0x50c90000)
No shared spaces configured.
Event: 1.447 GC heap after
Heap after GC invocations=18 (full 1):
 def new generation   total 8448K, used 896K [0x10090000, 0x109b0000, 0x255e0000)
  eden space 7552K,   0% used [0x10090000, 0x10090000, 0x107f0000)
  from space 896K, 100% used [0x107f0000, 0x108d0000, 0x108d0000)
  to   space 896K,   0% used [0x108d0000, 0x108d0000, 0x109b0000)
 tenured generation   total 18668K, used 12500K [0x255e0000, 0x2681b000, 0x50090000)
   the space 18668K,  66% used [0x255e0000, 0x26215030, 0x26215200, 0x2681b000)
 compacting perm gen  total 12288K, used 3504K [0x50090000, 0x50c90000, 0x54090000)
   the space 12288K,  28% used [0x50090000, 0x503fc190, 0x503fc200, 0x50c90000)
No shared spaces configured.
}
Event: 1.483 GC heap before
{Heap before GC invocations=18 (full 1):
 def new generation   total 8448K, used 8448K [0x10090000, 0x109b0000, 0x255e0000)
  eden space 7552K, 100% used [0x10090000, 0x107f0000, 0x107f0000)
  from space 896K, 100% used [0x107f0000, 0x108d0000, 0x108d0000)
  to   space 896K,   0% used [0x108d0000, 0x108d0000, 0x109b0000)
 tenured generation   total 18668K, used 12500K [0x255e0000, 0x2681b000, 0x50090000)
   the space 18668K,  66% used [0x255e0000, 0x26215030, 0x26215200, 0x2681b000)
 compacting perm gen  total 12288K, used 3504K [0x50090000, 0x50c90000, 0x54090000)
   the space 12288K,  28% used [0x50090000, 0x503fc190, 0x503fc200, 0x50c90000)
No shared spaces configured.
Event: 1.488 GC heap after
Heap after GC invocations=19 (full 1):
 def new generation   total 8448K, used 895K [0x10090000, 0x109b0000, 0x255e0000)
  eden space 7552K,   0% used [0x10090000, 0x10090000, 0x107f0000)
  from space 896K,  99% used [0x108d0000, 0x109afff8, 0x109b0000)
  to   space 896K,   0% used [0x107f0000, 0x107f0000, 0x108d0000)
 tenured generation   total 18668K, used 13643K [0x255e0000, 0x2681b000, 0x50090000)
   the space 18668K,  73% used [0x255e0000, 0x26332c48, 0x26332e00, 0x2681b000)
 compacting perm gen  total 12288K, used 3504K [0x50090000, 0x50c90000, 0x54090000)
   the space 12288K,  28% used [0x50090000, 0x503fc190, 0x503fc200, 0x50c90000)
No shared spaces configured.
}
Event: 1.533 GC heap before
{Heap before GC invocations=19 (full 1):
 def new generation   total 8448K, used 8447K [0x10090000, 0x109b0000, 0x255e0000)
  eden space 7552K, 100% used [0x10090000, 0x107f0000, 0x107f0000)
  from space 896K,  99% used [0x108d0000, 0x109afff8, 0x109b0000)
  to   space 896K,   0% used [0x107f0000, 0x107f0000, 0x108d0000)
 tenured generation   total 18668K, used 13643K [0x255e0000, 0x2681b000, 0x50090000)
   the space 18668K,  73% used [0x255e0000, 0x26332c48, 0x26332e00, 0x2681b000)
 compacting perm gen  total 12288K, used 3504K [0x50090000, 0x50c90000, 0x54090000)
   the space 12288K,  28% used [0x50090000, 0x503fc190, 0x503fc200, 0x50c90000)
No shared spaces configured.
Event: 1.537 GC heap after
Heap after GC invocations=20 (full 1):
 def new generation   total 8448K, used 896K [0x10090000, 0x109b0000, 0x255e0000)
  eden space 7552K,   0% used [0x10090000, 0x10090000, 0x107f0000)
  from space 896K, 100% used [0x107f0000, 0x108d0000, 0x108d0000)
  to   space 896K,   0% used [0x108d0000, 0x108d0000, 0x109b0000)
 tenured generation   total 18668K, used 14688K [0x255e0000, 0x2681b000, 0x50090000)
   the space 18668K,  78% used [0x255e0000, 0x264380f8, 0x26438200, 0x2681b000)
 compacting perm gen  total 12288K, used 3504K [0x50090000, 0x50c90000, 0x54090000)
   the space 12288K,  28% used [0x50090000, 0x503fc190, 0x503fc200, 0x50c90000)
No shared spaces configured.
}
Event: 1.575 GC heap before
{Heap before GC invocations=20 (full 1):
 def new generation   total 8448K, used 8448K [0x10090000, 0x109b0000, 0x255e0000)
  eden space 7552K, 100% used [0x10090000, 0x107f0000, 0x107f0000)
  from space 896K, 100% used [0x107f0000, 0x108d0000, 0x108d0000)
  to   space 896K,   0% used [0x108d0000, 0x108d0000, 0x109b0000)
 tenured generation   total 18668K, used 14688K [0x255e0000, 0x2681b000, 0x50090000)
   the space 18668K,  78% used [0x255e0000, 0x264380f8, 0x26438200, 0x2681b000)
 compacting perm gen  total 12288K, used 3504K [0x50090000, 0x50c90000, 0x54090000)
   the space 12288K,  28% used [0x50090000, 0x503fc190, 0x503fc200, 0x50c90000)
No shared spaces configured.
Event: 1.581 GC heap after
Heap after GC invocations=21 (full 1):
 def new generation   total 8448K, used 895K [0x10090000, 0x109b0000, 0x255e0000)
  eden space 7552K,   0% used [0x10090000, 0x10090000, 0x107f0000)
  from space 896K,  99% used [0x108d0000, 0x109afff8, 0x109b0000)
  to   space 896K,   0% used [0x107f0000, 0x107f0000, 0x108d0000)
 tenured generation   total 18668K, used 15864K [0x255e0000, 0x2681b000, 0x50090000)
   the space 18668K,  84% used [0x255e0000, 0x2655e0f0, 0x2655e200, 0x2681b000)
 compacting perm gen  total 12288K, used 3504K [0x50090000, 0x50c90000, 0x54090000)
   the space 12288K,  28% used [0x50090000, 0x503fc190, 0x503fc200, 0x50c90000)
No shared spaces configured.
}

Deoptimization events (0 events):
No events

Internal exceptions (10 events):
Event: 0.785 Thread 0x003c9000 Threw 0x10372960 at C:\jdk7u2_32P\jdk7u25\hotspot\src\share\vm\prims\jvm.cpp:1235
Event: 0.834 Thread 0x003c9000 Threw 0x102977a0 at C:\jdk7u2_32P\jdk7u25\hotspot\src\share\vm\prims\jvm.cpp:1235
Event: 0.955 Thread 0x003c9000 Threw 0x1018b080 at C:\jdk7u2_32P\jdk7u25\hotspot\src\share\vm\prims\jvm.cpp:1235
Event: 0.955 Thread 0x003c9000 Threw 0x1018d878 at C:\jdk7u2_32P\jdk7u25\hotspot\src\share\vm\prims\jvm.cpp:1235
Event: 0.957 Thread 0x003c9000 Threw 0x101b5008 at C:\jdk7u2_32P\jdk7u25\hotspot\src\share\vm\prims\jvm.cpp:1235
Event: 0.957 Thread 0x003c9000 Threw 0x101baa18 at C:\jdk7u2_32P\jdk7u25\hotspot\src\share\vm\prims\jvm.cpp:1235
Event: 0.958 Thread 0x003c9000 Threw 0x101c0130 at C:\jdk7u2_32P\jdk7u25\hotspot\src\share\vm\prims\jvm.cpp:1235
Event: 1.007 Thread 0x003c9000 Threw 0x10101f40 at C:\jdk7u2_32P\jdk7u25\hotspot\src\share\vm\prims\jvm.cpp:1235
Event: 1.099 Thread 0x003c9000 Threw 0x10459868 at C:\jdk7u2_32P\jdk7u25\hotspot\src\share\vm\prims\jvm.cpp:1235
Event: 1.172 Thread 0x003c9000 Threw 0x100e5348 at C:\jdk7u2_32P\jdk7u25\hotspot\src\share\vm\prims\jvm.cpp:1235

Events (10 events):
Event: 1.339 Executing VM operation: GenCollectForAllocation
Event: 1.348 Executing VM operation: GenCollectForAllocation done
Event: 1.442 Executing VM operation: GenCollectForAllocation
Event: 1.447 Executing VM operation: GenCollectForAllocation done
Event: 1.483 Executing VM operation: GenCollectForAllocation
Event: 1.488 Executing VM operation: GenCollectForAllocation done
Event: 1.533 Executing VM operation: GenCollectForAllocation
Event: 1.537 Executing VM operation: GenCollectForAllocation done
Event: 1.575 Executing VM operation: GenCollectForAllocation
Event: 1.581 Executing VM operation: GenCollectForAllocation done


Dynamic libraries:
0x00400000 - 0x0042f000 	C:\Program Files\Java\jdk1.7.0_25\bin\java.exe
0x7c900000 - 0x7c9b2000 	C:\WINDOWS\system32\ntdll.dll
0x7c800000 - 0x7c8f6000 	C:\WINDOWS\system32\kernel32.dll
0x77dd0000 - 0x77e6b000 	C:\WINDOWS\system32\ADVAPI32.dll
0x77e70000 - 0x77f03000 	C:\WINDOWS\system32\RPCRT4.dll
0x77fe0000 - 0x77ff1000 	C:\WINDOWS\system32\Secur32.dll
0x7e410000 - 0x7e4a1000 	C:\WINDOWS\system32\USER32.dll
0x77f10000 - 0x77f59000 	C:\WINDOWS\system32\GDI32.dll
0x773d0000 - 0x774d3000 	C:\WINDOWS\WinSxS\x86_Microsoft.Windows.Common-Controls_6595b64144ccf1df_6.0.2600.6028_x-ww_61e65202\COMCTL32.dll
0x77c10000 - 0x77c68000 	C:\WINDOWS\system32\msvcrt.dll
0x77f60000 - 0x77fd6000 	C:\WINDOWS\system32\SHLWAPI.dll
0x76390000 - 0x763ad000 	C:\WINDOWS\system32\IMM32.DLL
0x78aa0000 - 0x78b5e000 	C:\Program Files\Java\jdk1.7.0_25\jre\bin\msvcr100.dll
0x6e8c0000 - 0x6ec02000 	C:\Program Files\Java\jdk1.7.0_25\jre\bin\client\jvm.dll
0x71ad0000 - 0x71ad9000 	C:\WINDOWS\system32\WSOCK32.dll
0x71ab0000 - 0x71ac7000 	C:\WINDOWS\system32\WS2_32.dll
0x71aa0000 - 0x71aa8000 	C:\WINDOWS\system32\WS2HELP.dll
0x76b40000 - 0x76b6d000 	C:\WINDOWS\system32\WINMM.dll
0x76bf0000 - 0x76bfb000 	C:\WINDOWS\system32\PSAPI.DLL
0x10000000 - 0x10085000 	C:\WINDOWS\system32\VirtualMIDISynth\VirtualMIDISynth.dll
0x7c9c0000 - 0x7d1d7000 	C:\WINDOWS\system32\SHELL32.dll
0x6e810000 - 0x6e81c000 	C:\Program Files\Java\jdk1.7.0_25\jre\bin\verify.dll
0x6d5a0000 - 0x6d5c0000 	C:\Program Files\Java\jdk1.7.0_25\jre\bin\java.dll
0x6e8a0000 - 0x6e8b3000 	C:\Program Files\Java\jdk1.7.0_25\jre\bin\zip.dll
0x6e5c0000 - 0x6e5d4000 	C:\Program Files\Java\jdk1.7.0_25\jre\bin\net.dll
0x6e5e0000 - 0x6e5ef000 	C:\Program Files\Java\jdk1.7.0_25\jre\bin\nio.dll
0x59a60000 - 0x59b01000 	C:\WINDOWS\system32\dbghelp.dll
0x77c00000 - 0x77c08000 	C:\WINDOWS\system32\VERSION.dll

VM Arguments:
jvm_args: -Xmx1024M -Dfile.encoding=windows-1252 -Duser.country=US -Duser.language=en -Duser.variant 
java_command: com.android.dx.command.Main --dex --output C:\temp\AntriankuClient\app\build\intermediates\pre-dexed\debug\classes-acfc68b14a2e574bd9716c367f93c0821c8df2d6.jar C:\temp\AntriankuClient\app\build\intermediates\exploded-aar\com.android.support\appcompat-v7\21.0.3\classes.jar
Launcher Type: SUN_STANDARD

Environment Variables:
PATH=C:\WinAVR-20100110\bin;C:\WinAVR-20100110\utils\bin;C:\Program Files\ImageMagick-6.9.0-Q16;C:\WINDOWS\system32;C:\WINDOWS;C:\WINDOWS\System32\Wbem;C:\Program Files\GtkSharp\2.12\bin;C:\Program Files\GitExtensions\;C:\Program Files\TortoiseSVN\bin;C:\Program Files\IVT Corporation\BlueSoleil\Mobile;C:\WINDOWS\system32\Wbem;C:\temp\CoIDE_V2Beta\bin;C:\CooCox\CoIDE_V2Beta\bin;C:\Program Files\USB-IF Test Suite\USBET20\;C:\Program Files\MATLAB\R2013b\runtime\win32;C:\Program Files\MATLAB\R2013b\bin;C:\Program Files\MATLAB\R2013b\polyspace\bin;C:\CooCox\CoIDE_V2Beta\gcc\bin;C:\CooCox\CoIDE1\gcc\bin;C:\Program Files\GNU Tools ARM Embedded\4.9 2015q2\bin
USERNAME=Administrator
OS=Windows_NT
PROCESSOR_IDENTIFIER=x86 Family 6 Model 42 Stepping 7, GenuineIntel



---------------  S Y S T E M  ---------------

OS: Windows XP Build 2600 Service Pack 3

CPU:total 2 (2 cores per cpu, 2 threads per core) family 6 model 42 stepping 7, cmov, cx8, fxsr, mmx, sse, sse2, sse3, ssse3, sse4.1, sse4.2, popcnt, ht, tsc, tscinvbit

Memory: 4k page, physical 3578268k(247460k free), swap 3410996k(47980k free)

vm_info: Java HotSpot(TM) Client VM (23.25-b01) for windows-x86 JRE (1.7.0_25-b17), built on Jun 21 2013 13:06:48 by "java_re" with unknown MS VC++:1600

time: Wed Jan 11 12:10:33 2017
elapsed time: 1 seconds

